<?xml version="1.0" encoding="UTF-8" ?>
<testsuite tests="11" failures="0" name="com.app.dkatalis.MainTest" time="0.026" errors="0" skipped="0">
  <properties>
[...]
</properties>
  <testcase classname="com.app.dkatalis.MainTest" name="createParkingLot" time="0.014"/>
  <testcase classname="com.app.dkatalis.MainTest" name="alreadyExistParkingLot" time="0.008"/>
  <testcase classname="com.app.dkatalis.MainTest" name="testWhenVehicleAlreadyPicked" time="0.002"/>
  <testcase classname="com.app.dkatalis.MainTest" name="testParkingLotIsFull" time="0"/>
  <testcase classname="com.app.dkatalis.MainTest" name="testNearestSlotAllotment" time="0"/>
  <testcase classname="com.app.dkatalis.MainTest" name="testGetSlotsByRegNo" time="0.001"/>
  <testcase classname="com.app.dkatalis.MainTest" name="testParkingCapacity" time="0"/>
  <testcase classname="com.app.dkatalis.MainTest" name="leave" time="0"/>
  <testcase classname="com.app.dkatalis.MainTest" name="testWhenVehicleAlreadyPresent" time="0.001"/>
  <testcase classname="com.app.dkatalis.MainTest" name="testStatus" time="0"/>
  <testcase classname="com.app.dkatalis.MainTest" name="testEmptyParkingLot" time="0"/>
</testsuite>